============ DEPTH ESTIMATION ============
nu-data/frames/Birds01
/mnt/storage/scratch/lw15979/frames/Birds01/depth
/mnt/storage/scratch/lw15979/frames/Birds01/ldi
/mnt/storage/scratch/lw15979/frames/Birds01/video-frames
Running on Device: GPU
Estimating Frames...
Estimated frames in: 1.23 mins
============ DEPTH ESTIMATION ============
nu-data/frames/Birds02
/mnt/storage/scratch/lw15979/frames/Birds02/depth
/mnt/storage/scratch/lw15979/frames/Birds02/ldi
/mnt/storage/scratch/lw15979/frames/Birds02/video-frames
Running on Device: GPU
Estimating Frames...
Estimated frames in: 1.09 mins
============ DEPTH ESTIMATION ============
nu-data/frames/Birds03
/mnt/storage/scratch/lw15979/frames/Birds03/depth
/mnt/storage/scratch/lw15979/frames/Birds03/ldi
/mnt/storage/scratch/lw15979/frames/Birds03/video-frames
Running on Device: GPU
Estimating Frames...
Estimated frames in: 3.35 mins
============ DEPTH ESTIMATION ============
nu-data/frames/Chameleon01
/mnt/storage/scratch/lw15979/frames/Chameleon01/depth
/mnt/storage/scratch/lw15979/frames/Chameleon01/ldi
/mnt/storage/scratch/lw15979/frames/Chameleon01/video-frames
Running on Device: GPU
Estimating Frames...
Estimated frames in: 1.43 mins
============ DEPTH ESTIMATION ============
nu-data/frames/CoronationStreet01
/mnt/storage/scratch/lw15979/frames/CoronationStreet01/depth
/mnt/storage/scratch/lw15979/frames/CoronationStreet01/ldi
/mnt/storage/scratch/lw15979/frames/CoronationStreet01/video-frames
Running on Device: GPU
Estimating Frames...
Estimated frames in: 0.00 secs
============ DEPTH ESTIMATION ============
nu-data/frames/CoronationStreet01
/mnt/storage/scratch/lw15979/frames/CoronationStreet01/depth
/mnt/storage/scratch/lw15979/frames/CoronationStreet01/ldi
/mnt/storage/scratch/lw15979/frames/CoronationStreet01/video-frames
Running on Device: GPU
Estimating Frames...
Estimated frames in: 0.00 secs
============ DEPTH ESTIMATION ============
nu-data/frames/Flamingos01
/mnt/storage/scratch/lw15979/frames/Flamingos01/depth
/mnt/storage/scratch/lw15979/frames/Flamingos01/ldi
/mnt/storage/scratch/lw15979/frames/Flamingos01/video-frames
Running on Device: GPU
Estimating Frames...
Estimated frames in: 56.58 secs
============ DEPTH ESTIMATION ============
nu-data/frames/Giraffes01
/mnt/storage/scratch/lw15979/frames/Giraffes01/depth
/mnt/storage/scratch/lw15979/frames/Giraffes01/ldi
/mnt/storage/scratch/lw15979/frames/Giraffes01/video-frames
Running on Device: GPU
Estimating Frames...
Estimated frames in: 1.68 mins
============ DEPTH ESTIMATION ============
nu-data/frames/Kangaroos01
/mnt/storage/scratch/lw15979/frames/Kangaroos01/depth
/mnt/storage/scratch/lw15979/frames/Kangaroos01/ldi
/mnt/storage/scratch/lw15979/frames/Kangaroos01/video-frames
Running on Device: GPU
Estimating Frames...
Estimated frames in: 1.85 mins
============ DEPTH ESTIMATION ============
nu-data/frames/Museum01
/mnt/storage/scratch/lw15979/frames/Museum01/depth
/mnt/storage/scratch/lw15979/frames/Museum01/ldi
/mnt/storage/scratch/lw15979/frames/Museum01/video-frames
Running on Device: GPU
Estimating Frames...
Estimated frames in: 1.30 mins
============ DEPTH ESTIMATION ============
nu-data/frames/Pimates01
/mnt/storage/scratch/lw15979/frames/Pimates01/depth
/mnt/storage/scratch/lw15979/frames/Pimates01/ldi
/mnt/storage/scratch/lw15979/frames/Pimates01/video-frames
Running on Device: GPU
Estimating Frames...
Estimated frames in: 1.57 mins
============ DEPTH ESTIMATION ============
nu-data/frames/Primates02
/mnt/storage/scratch/lw15979/frames/Primates02/depth
/mnt/storage/scratch/lw15979/frames/Primates02/ldi
/mnt/storage/scratch/lw15979/frames/Primates02/video-frames
Running on Device: GPU
Estimating Frames...
Estimated frames in: 1.99 mins
============ DEPTH ESTIMATION ============
nu-data/frames/Sharks01
/mnt/storage/scratch/lw15979/frames/Sharks01/depth
/mnt/storage/scratch/lw15979/frames/Sharks01/ldi
/mnt/storage/scratch/lw15979/frames/Sharks01/video-frames
Running on Device: GPU
Estimating Frames...
Estimated frames in: 2.48 mins
============ DEPTH ESTIMATION ============
nu-data/frames/Sharks02
/mnt/storage/scratch/lw15979/frames/Sharks02/depth
/mnt/storage/scratch/lw15979/frames/Sharks02/ldi
/mnt/storage/scratch/lw15979/frames/Sharks02/video-frames
Running on Device: GPU
Estimating Frames...
Estimated frames in: 0.00 secs
